<?xml version="1.0" encoding="UTF-8"?>
<!-- Generated by org.testng.reporters.JUnitXMLReporter -->
<testsuite hostname="ASDW0060" ignored="0" name="Default test" tests="6" failures="0" timestamp="19 Jun 2018 13:56:54 GMT" time="7.533" errors="0">
  <testcase name="startBasicCourse" time="0.291" classname="com.qait.automation.Tatoc_Via_Maven.TatocViaMaven"/>
  <testcase name="search_GreenBox" time="0.161" classname="com.qait.automation.Tatoc_Via_Maven.TatocViaMaven"/>
  <testcase name="repaint_Box2_Until_Same_Color_As_Box1" time="1.595" classname="com.qait.automation.Tatoc_Via_Maven.TatocViaMaven"/>
  <testcase name="to_Drag_DragBox_Into_DropBox" time="0.224" classname="com.qait.automation.Tatoc_Via_Maven.TatocViaMaven"/>
  <testcase name="to_Launch_Popup" time="1.387" classname="com.qait.automation.Tatoc_Via_Maven.TatocViaMaven"/>
  <testcase name="to_Generate_Token" time="0.22" classname="com.qait.automation.Tatoc_Via_Maven.TatocViaMaven"/>
</testsuite> <!-- Default test -->
